<?xml version="1.0" encoding="UTF-8"?>
<!-- Generated by org.testng.reporters.JUnitReportReporter -->
<testsuite hostname="LAPTOP-OKKDNTQ6" failures="0" tests="2" name="com.example.selenium.AppSearchTest" time="8.401" errors="0" timestamp="2025-01-05T20:45:23 ICT" skipped="0">
  <testcase classname="com.example.selenium.AppSearchTest" name="TC008_testSearchByInput" time="4.293"/>
  <testcase classname="com.example.selenium.AppSearchTest" name="TC009_testSearchByChoice" time="4.108"/>
</testsuite> <!-- com.example.selenium.AppSearchTest -->
