<?xml version="1.0" encoding="UTF-8"?>
<!-- Generated by org.testng.reporters.JUnitReportReporter -->
<testsuite hostname="LAPTOP-OKKDNTQ6" failures="0" tests="3" name="com.example.selenium.App1LoginTest" time="33.688" errors="0" timestamp="2025-01-05T22:33:16 ICT" skipped="0">
  <testcase classname="com.example.selenium.App1LoginTest" name="TC005_testIncorrectPassword" time="6.823"/>
  <testcase classname="com.example.selenium.App1LoginTest" name="TC002_testCorrectPassword" time="19.290"/>
  <testcase classname="com.example.selenium.App1LoginTest" name="TC003_testInvalidEmailLogin" time="7.575"/>
</testsuite> <!-- com.example.selenium.App1LoginTest -->
