<?xml version="1.0" encoding="UTF-8"?>
<!-- Generated by org.testng.reporters.JUnitReportReporter -->
<testsuite hostname="LAPTOP-OKKDNTQ6" failures="0" tests="3" name="com.example.selenium.AppLoginTest" time="54.983" errors="0" timestamp="2025-01-05T20:45:23 ICT" skipped="0">
  <testcase classname="com.example.selenium.AppLoginTest" name="TC002_testCorrectPassword" time="46.228"/>
  <testcase classname="com.example.selenium.AppLoginTest" name="TC005_testIncorrectPassword" time="5.431"/>
  <testcase classname="com.example.selenium.AppLoginTest" name="TC003_testInvalidEmailLogin" time="3.324"/>
</testsuite> <!-- com.example.selenium.AppLoginTest -->
