<?xml version="1.0" encoding="UTF-8"?>
<!-- Generated by org.testng.reporters.JUnitReportReporter -->
<testsuite hostname="LAPTOP-OKKDNTQ6" failures="0" tests="2" name="com.example.selenium.App3SearchTest" time="11.182" errors="0" timestamp="2025-01-05T22:33:16 ICT" skipped="0">
  <testcase classname="com.example.selenium.App3SearchTest" name="TC008_testSearchByInput" time="5.365"/>
  <testcase classname="com.example.selenium.App3SearchTest" name="TC009_testSearchByChoice" time="5.817"/>
</testsuite> <!-- com.example.selenium.App3SearchTest -->
